<?xml version="1.0" encoding="UTF-8"?>
<testsuite xmlns:xsi="http://www.w3.org/2001/XMLSchema-instance" xsi:noNamespaceSchemaLocation="https://maven.apache.org/surefire/maven-surefire-plugin/xsd/surefire-test-report.xsd" name="com.mastercard.billingsearch.test.TestBillingSummaryController" time="6.468" tests="2" errors="0" skipped="0" failures="0">
  <properties>
    <property name="sun.desktop" value="windows"/>
    <property name="awt.toolkit" value="sun.awt.windows.WToolkit"/>
    <property name="java.specification.version" value="12"/>
    <property name="sun.cpu.isalist" value="amd64"/>
    <property name="sun.jnu.encoding" value="Cp1252"/>
    <property name="java.class.path" value="D:\my_workspace\billingsearch-master\target\test-classes;D:\my_workspace\billingsearch-master\target\classes;D:\dev\Maven_repo\org\springframework\boot\spring-boot-starter-web\2.1.6.RELEASE\spring-boot-starter-web-2.1.6.RELEASE.jar;D:\dev\Maven_repo\org\springframework\boot\spring-boot-starter\2.1.6.RELEASE\spring-boot-starter-2.1.6.RELEASE.jar;D:\dev\Maven_repo\org\springframework\boot\spring-boot-starter-logging\2.1.6.RELEASE\spring-boot-starter-logging-2.1.6.RELEASE.jar;D:\dev\Maven_repo\ch\qos\logback\logback-classic\1.2.3\logback-classic-1.2.3.jar;D:\dev\Maven_repo\ch\qos\logback\logback-core\1.2.3\logback-core-1.2.3.jar;D:\dev\Maven_repo\org\apache\logging\log4j\log4j-to-slf4j\2.11.2\log4j-to-slf4j-2.11.2.jar;D:\dev\Maven_repo\org\apache\logging\log4j\log4j-api\2.11.2\log4j-api-2.11.2.jar;D:\dev\Maven_repo\org\slf4j\jul-to-slf4j\1.7.26\jul-to-slf4j-1.7.26.jar;D:\dev\Maven_repo\javax\annotation\javax.annotation-api\1.3.2\javax.annotation-api-1.3.2.jar;D:\dev\Maven_repo\org\yaml\snakeyaml\1.23\snakeyaml-1.23.jar;D:\dev\Maven_repo\org\springframework\boot\spring-boot-starter-json\2.1.6.RELEASE\spring-boot-starter-json-2.1.6.RELEASE.jar;D:\dev\Maven_repo\com\fasterxml\jackson\core\jackson-databind\2.9.9\jackson-databind-2.9.9.jar;D:\dev\Maven_repo\com\fasterxml\jackson\core\jackson-annotations\2.9.0\jackson-annotations-2.9.0.jar;D:\dev\Maven_repo\com\fasterxml\jackson\core\jackson-core\2.9.9\jackson-core-2.9.9.jar;D:\dev\Maven_repo\com\fasterxml\jackson\datatype\jackson-datatype-jdk8\2.9.9\jackson-datatype-jdk8-2.9.9.jar;D:\dev\Maven_repo\com\fasterxml\jackson\datatype\jackson-datatype-jsr310\2.9.9\jackson-datatype-jsr310-2.9.9.jar;D:\dev\Maven_repo\com\fasterxml\jackson\module\jackson-module-parameter-names\2.9.9\jackson-module-parameter-names-2.9.9.jar;D:\dev\Maven_repo\org\springframework\boot\spring-boot-starter-tomcat\2.1.6.RELEASE\spring-boot-starter-tomcat-2.1.6.RELEASE.jar;D:\dev\Maven_repo\org\apache\tomcat\embed\tomcat-embed-core\9.0.21\tomcat-embed-core-9.0.21.jar;D:\dev\Maven_repo\org\apache\tomcat\embed\tomcat-embed-el\9.0.21\tomcat-embed-el-9.0.21.jar;D:\dev\Maven_repo\org\apache\tomcat\embed\tomcat-embed-websocket\9.0.21\tomcat-embed-websocket-9.0.21.jar;D:\dev\Maven_repo\org\hibernate\validator\hibernate-validator\6.0.17.Final\hibernate-validator-6.0.17.Final.jar;D:\dev\Maven_repo\javax\validation\validation-api\2.0.1.Final\validation-api-2.0.1.Final.jar;D:\dev\Maven_repo\org\jboss\logging\jboss-logging\3.3.2.Final\jboss-logging-3.3.2.Final.jar;D:\dev\Maven_repo\com\fasterxml\classmate\1.4.0\classmate-1.4.0.jar;D:\dev\Maven_repo\org\springframework\spring-web\5.1.8.RELEASE\spring-web-5.1.8.RELEASE.jar;D:\dev\Maven_repo\org\springframework\spring-beans\5.1.8.RELEASE\spring-beans-5.1.8.RELEASE.jar;D:\dev\Maven_repo\org\springframework\spring-webmvc\5.1.8.RELEASE\spring-webmvc-5.1.8.RELEASE.jar;D:\dev\Maven_repo\org\springframework\spring-aop\5.1.8.RELEASE\spring-aop-5.1.8.RELEASE.jar;D:\dev\Maven_repo\org\springframework\spring-context\5.1.8.RELEASE\spring-context-5.1.8.RELEASE.jar;D:\dev\Maven_repo\org\springframework\spring-expression\5.1.8.RELEASE\spring-expression-5.1.8.RELEASE.jar;D:\dev\Maven_repo\org\springframework\boot\spring-boot-devtools\2.1.6.RELEASE\spring-boot-devtools-2.1.6.RELEASE.jar;D:\dev\Maven_repo\org\springframework\boot\spring-boot\2.1.6.RELEASE\spring-boot-2.1.6.RELEASE.jar;D:\dev\Maven_repo\org\springframework\boot\spring-boot-autoconfigure\2.1.6.RELEASE\spring-boot-autoconfigure-2.1.6.RELEASE.jar;D:\dev\Maven_repo\org\springframework\boot\spring-boot-starter-test\2.1.6.RELEASE\spring-boot-starter-test-2.1.6.RELEASE.jar;D:\dev\Maven_repo\org\springframework\boot\spring-boot-test\2.1.6.RELEASE\spring-boot-test-2.1.6.RELEASE.jar;D:\dev\Maven_repo\org\springframework\boot\spring-boot-test-autoconfigure\2.1.6.RELEASE\spring-boot-test-autoconfigure-2.1.6.RELEASE.jar;D:\dev\Maven_repo\com\jayway\jsonpath\json-path\2.4.0\json-path-2.4.0.jar;D:\dev\Maven_repo\net\minidev\json-smart\2.3\json-smart-2.3.jar;D:\dev\Maven_repo\net\minidev\accessors-smart\1.2\accessors-smart-1.2.jar;D:\dev\Maven_repo\org\ow2\asm\asm\5.0.4\asm-5.0.4.jar;D:\dev\Maven_repo\org\slf4j\slf4j-api\1.7.26\slf4j-api-1.7.26.jar;D:\dev\Maven_repo\junit\junit\4.12\junit-4.12.jar;D:\dev\Maven_repo\org\assertj\assertj-core\3.11.1\assertj-core-3.11.1.jar;D:\dev\Maven_repo\org\mockito\mockito-core\2.23.4\mockito-core-2.23.4.jar;D:\dev\Maven_repo\net\bytebuddy\byte-buddy\1.9.13\byte-buddy-1.9.13.jar;D:\dev\Maven_repo\net\bytebuddy\byte-buddy-agent\1.9.13\byte-buddy-agent-1.9.13.jar;D:\dev\Maven_repo\org\objenesis\objenesis\2.6\objenesis-2.6.jar;D:\dev\Maven_repo\org\hamcrest\hamcrest-core\1.3\hamcrest-core-1.3.jar;D:\dev\Maven_repo\org\hamcrest\hamcrest-library\1.3\hamcrest-library-1.3.jar;D:\dev\Maven_repo\org\skyscreamer\jsonassert\1.5.0\jsonassert-1.5.0.jar;D:\dev\Maven_repo\com\vaadin\external\google\android-json\0.0.20131108.vaadin1\android-json-0.0.20131108.vaadin1.jar;D:\dev\Maven_repo\org\springframework\spring-core\5.1.8.RELEASE\spring-core-5.1.8.RELEASE.jar;D:\dev\Maven_repo\org\springframework\spring-jcl\5.1.8.RELEASE\spring-jcl-5.1.8.RELEASE.jar;D:\dev\Maven_repo\org\springframework\spring-test\5.1.8.RELEASE\spring-test-5.1.8.RELEASE.jar;D:\dev\Maven_repo\org\xmlunit\xmlunit-core\2.6.2\xmlunit-core-2.6.2.jar;D:\dev\Maven_repo\com\github\fge\json-schema-validator\2.2.6\json-schema-validator-2.2.6.jar;D:\dev\Maven_repo\com\google\code\findbugs\jsr305\3.0.0\jsr305-3.0.0.jar;D:\dev\Maven_repo\joda-time\joda-time\2.10.2\joda-time-2.10.2.jar;D:\dev\Maven_repo\com\googlecode\libphonenumber\libphonenumber\6.2\libphonenumber-6.2.jar;D:\dev\Maven_repo\com\github\fge\json-schema-core\1.2.5\json-schema-core-1.2.5.jar;D:\dev\Maven_repo\com\github\fge\uri-template\0.9\uri-template-0.9.jar;D:\dev\Maven_repo\com\github\fge\msg-simple\1.1\msg-simple-1.1.jar;D:\dev\Maven_repo\com\github\fge\btf\1.2\btf-1.2.jar;D:\dev\Maven_repo\com\google\guava\guava\16.0.1\guava-16.0.1.jar;D:\dev\Maven_repo\com\github\fge\jackson-coreutils\1.8\jackson-coreutils-1.8.jar;D:\dev\Maven_repo\org\mozilla\rhino\1.7R4\rhino-1.7R4.jar;D:\dev\Maven_repo\javax\mail\mailapi\1.4.3\mailapi-1.4.3.jar;D:\dev\Maven_repo\javax\activation\activation\1.1\activation-1.1.jar;D:\dev\Maven_repo\net\sf\jopt-simple\jopt-simple\4.6\jopt-simple-4.6.jar;D:\dev\Maven_repo\org\springframework\boot\spring-boot-starter-data-jpa\2.1.6.RELEASE\spring-boot-starter-data-jpa-2.1.6.RELEASE.jar;D:\dev\Maven_repo\org\springframework\boot\spring-boot-starter-aop\2.1.6.RELEASE\spring-boot-starter-aop-2.1.6.RELEASE.jar;D:\dev\Maven_repo\org\aspectj\aspectjweaver\1.9.4\aspectjweaver-1.9.4.jar;D:\dev\Maven_repo\org\springframework\boot\spring-boot-starter-jdbc\2.1.6.RELEASE\spring-boot-starter-jdbc-2.1.6.RELEASE.jar;D:\dev\Maven_repo\com\zaxxer\HikariCP\3.2.0\HikariCP-3.2.0.jar;D:\dev\Maven_repo\org\springframework\spring-jdbc\5.1.8.RELEASE\spring-jdbc-5.1.8.RELEASE.jar;D:\dev\Maven_repo\javax\transaction\javax.transaction-api\1.3\javax.transaction-api-1.3.jar;D:\dev\Maven_repo\javax\xml\bind\jaxb-api\2.3.1\jaxb-api-2.3.1.jar;D:\dev\Maven_repo\javax\activation\javax.activation-api\1.2.0\javax.activation-api-1.2.0.jar;D:\dev\Maven_repo\org\hibernate\hibernate-core\5.3.10.Final\hibernate-core-5.3.10.Final.jar;D:\dev\Maven_repo\javax\persistence\javax.persistence-api\2.2\javax.persistence-api-2.2.jar;D:\dev\Maven_repo\antlr\antlr\2.7.7\antlr-2.7.7.jar;D:\dev\Maven_repo\org\jboss\jandex\2.0.5.Final\jandex-2.0.5.Final.jar;D:\dev\Maven_repo\org\dom4j\dom4j\2.1.1\dom4j-2.1.1.jar;D:\dev\Maven_repo\org\hibernate\common\hibernate-commons-annotations\5.0.4.Final\hibernate-commons-annotations-5.0.4.Final.jar;D:\dev\Maven_repo\org\springframework\data\spring-data-jpa\2.1.9.RELEASE\spring-data-jpa-2.1.9.RELEASE.jar;D:\dev\Maven_repo\org\springframework\data\spring-data-commons\2.1.9.RELEASE\spring-data-commons-2.1.9.RELEASE.jar;D:\dev\Maven_repo\org\springframework\spring-orm\5.1.8.RELEASE\spring-orm-5.1.8.RELEASE.jar;D:\dev\Maven_repo\org\springframework\spring-tx\5.1.8.RELEASE\spring-tx-5.1.8.RELEASE.jar;D:\dev\Maven_repo\org\springframework\spring-aspects\5.1.8.RELEASE\spring-aspects-5.1.8.RELEASE.jar;D:\dev\Maven_repo\com\opencsv\opencsv\4.5\opencsv-4.5.jar;D:\dev\Maven_repo\org\apache\commons\commons-lang3\3.8.1\commons-lang3-3.8.1.jar;D:\dev\Maven_repo\org\apache\commons\commons-text\1.3\commons-text-1.3.jar;D:\dev\Maven_repo\commons-beanutils\commons-beanutils\1.9.3\commons-beanutils-1.9.3.jar;D:\dev\Maven_repo\commons-logging\commons-logging\1.2\commons-logging-1.2.jar;D:\dev\Maven_repo\commons-collections\commons-collections\3.2.2\commons-collections-3.2.2.jar;D:\dev\Maven_repo\org\apache\commons\commons-collections4\4.2\commons-collections4-4.2.jar;D:\dev\Maven_repo\mysql\mysql-connector-java\8.0.16\mysql-connector-java-8.0.16.jar;D:\dev\Maven_repo\org\powermock\powermock-core\1.7.4\powermock-core-1.7.4.jar;D:\dev\Maven_repo\org\powermock\powermock-reflect\1.7.4\powermock-reflect-1.7.4.jar;D:\dev\Maven_repo\org\javassist\javassist\3.21.0-GA\javassist-3.21.0-GA.jar;D:\dev\Maven_repo\org\powermock\powermock-api-mockito2\1.7.0\powermock-api-mockito2-1.7.0.jar;D:\dev\Maven_repo\org\powermock\powermock-api-mockito-common\1.7.0\powermock-api-mockito-common-1.7.0.jar;D:\dev\Maven_repo\org\powermock\powermock-api-support\1.7.0\powermock-api-support-1.7.0.jar;D:\dev\Maven_repo\org\powermock\powermock-module-junit4\1.7.0\powermock-module-junit4-1.7.0.jar;D:\dev\Maven_repo\org\powermock\powermock-module-junit4-common\1.7.0\powermock-module-junit4-common-1.7.0.jar;D:\dev\Maven_repo\org\projectlombok\lombok\1.18.8\lombok-1.18.8.jar;"/>
    <property name="java.vm.vendor" value="Oracle Corporation"/>
    <property name="sun.arch.data.model" value="64"/>
    <property name="user.variant" value=""/>
    <property name="java.vendor.url" value="https://java.oracle.com/"/>
    <property name="user.timezone" value="Asia/Calcutta"/>
    <property name="os.name" value="Windows 10"/>
    <property name="java.vm.specification.version" value="12"/>
    <property name="sun.java.launcher" value="SUN_STANDARD"/>
    <property name="user.country" value="US"/>
    <property name="sun.boot.library.path" value="C:\java\jdk-12.0.1\bin"/>
    <property name="sun.java.command" value="C:\Users\mi20085585\AppData\Local\Temp\surefire34810197604255320\surefirebooter18421050879656526062.jar C:\Users\mi20085585\AppData\Local\Temp\surefire34810197604255320 2019-09-09T17-04-46_154-jvmRun1 surefire3400054382403636661tmp surefire_013745811172425635634tmp"/>
    <property name="jdk.debug" value="release"/>
    <property name="surefire.test.class.path" value="D:\my_workspace\billingsearch-master\target\test-classes;D:\my_workspace\billingsearch-master\target\classes;D:\dev\Maven_repo\org\springframework\boot\spring-boot-starter-web\2.1.6.RELEASE\spring-boot-starter-web-2.1.6.RELEASE.jar;D:\dev\Maven_repo\org\springframework\boot\spring-boot-starter\2.1.6.RELEASE\spring-boot-starter-2.1.6.RELEASE.jar;D:\dev\Maven_repo\org\springframework\boot\spring-boot-starter-logging\2.1.6.RELEASE\spring-boot-starter-logging-2.1.6.RELEASE.jar;D:\dev\Maven_repo\ch\qos\logback\logback-classic\1.2.3\logback-classic-1.2.3.jar;D:\dev\Maven_repo\ch\qos\logback\logback-core\1.2.3\logback-core-1.2.3.jar;D:\dev\Maven_repo\org\apache\logging\log4j\log4j-to-slf4j\2.11.2\log4j-to-slf4j-2.11.2.jar;D:\dev\Maven_repo\org\apache\logging\log4j\log4j-api\2.11.2\log4j-api-2.11.2.jar;D:\dev\Maven_repo\org\slf4j\jul-to-slf4j\1.7.26\jul-to-slf4j-1.7.26.jar;D:\dev\Maven_repo\javax\annotation\javax.annotation-api\1.3.2\javax.annotation-api-1.3.2.jar;D:\dev\Maven_repo\org\yaml\snakeyaml\1.23\snakeyaml-1.23.jar;D:\dev\Maven_repo\org\springframework\boot\spring-boot-starter-json\2.1.6.RELEASE\spring-boot-starter-json-2.1.6.RELEASE.jar;D:\dev\Maven_repo\com\fasterxml\jackson\core\jackson-databind\2.9.9\jackson-databind-2.9.9.jar;D:\dev\Maven_repo\com\fasterxml\jackson\core\jackson-annotations\2.9.0\jackson-annotations-2.9.0.jar;D:\dev\Maven_repo\com\fasterxml\jackson\core\jackson-core\2.9.9\jackson-core-2.9.9.jar;D:\dev\Maven_repo\com\fasterxml\jackson\datatype\jackson-datatype-jdk8\2.9.9\jackson-datatype-jdk8-2.9.9.jar;D:\dev\Maven_repo\com\fasterxml\jackson\datatype\jackson-datatype-jsr310\2.9.9\jackson-datatype-jsr310-2.9.9.jar;D:\dev\Maven_repo\com\fasterxml\jackson\module\jackson-module-parameter-names\2.9.9\jackson-module-parameter-names-2.9.9.jar;D:\dev\Maven_repo\org\springframework\boot\spring-boot-starter-tomcat\2.1.6.RELEASE\spring-boot-starter-tomcat-2.1.6.RELEASE.jar;D:\dev\Maven_repo\org\apache\tomcat\embed\tomcat-embed-core\9.0.21\tomcat-embed-core-9.0.21.jar;D:\dev\Maven_repo\org\apache\tomcat\embed\tomcat-embed-el\9.0.21\tomcat-embed-el-9.0.21.jar;D:\dev\Maven_repo\org\apache\tomcat\embed\tomcat-embed-websocket\9.0.21\tomcat-embed-websocket-9.0.21.jar;D:\dev\Maven_repo\org\hibernate\validator\hibernate-validator\6.0.17.Final\hibernate-validator-6.0.17.Final.jar;D:\dev\Maven_repo\javax\validation\validation-api\2.0.1.Final\validation-api-2.0.1.Final.jar;D:\dev\Maven_repo\org\jboss\logging\jboss-logging\3.3.2.Final\jboss-logging-3.3.2.Final.jar;D:\dev\Maven_repo\com\fasterxml\classmate\1.4.0\classmate-1.4.0.jar;D:\dev\Maven_repo\org\springframework\spring-web\5.1.8.RELEASE\spring-web-5.1.8.RELEASE.jar;D:\dev\Maven_repo\org\springframework\spring-beans\5.1.8.RELEASE\spring-beans-5.1.8.RELEASE.jar;D:\dev\Maven_repo\org\springframework\spring-webmvc\5.1.8.RELEASE\spring-webmvc-5.1.8.RELEASE.jar;D:\dev\Maven_repo\org\springframework\spring-aop\5.1.8.RELEASE\spring-aop-5.1.8.RELEASE.jar;D:\dev\Maven_repo\org\springframework\spring-context\5.1.8.RELEASE\spring-context-5.1.8.RELEASE.jar;D:\dev\Maven_repo\org\springframework\spring-expression\5.1.8.RELEASE\spring-expression-5.1.8.RELEASE.jar;D:\dev\Maven_repo\org\springframework\boot\spring-boot-devtools\2.1.6.RELEASE\spring-boot-devtools-2.1.6.RELEASE.jar;D:\dev\Maven_repo\org\springframework\boot\spring-boot\2.1.6.RELEASE\spring-boot-2.1.6.RELEASE.jar;D:\dev\Maven_repo\org\springframework\boot\spring-boot-autoconfigure\2.1.6.RELEASE\spring-boot-autoconfigure-2.1.6.RELEASE.jar;D:\dev\Maven_repo\org\springframework\boot\spring-boot-starter-test\2.1.6.RELEASE\spring-boot-starter-test-2.1.6.RELEASE.jar;D:\dev\Maven_repo\org\springframework\boot\spring-boot-test\2.1.6.RELEASE\spring-boot-test-2.1.6.RELEASE.jar;D:\dev\Maven_repo\org\springframework\boot\spring-boot-test-autoconfigure\2.1.6.RELEASE\spring-boot-test-autoconfigure-2.1.6.RELEASE.jar;D:\dev\Maven_repo\com\jayway\jsonpath\json-path\2.4.0\json-path-2.4.0.jar;D:\dev\Maven_repo\net\minidev\json-smart\2.3\json-smart-2.3.jar;D:\dev\Maven_repo\net\minidev\accessors-smart\1.2\accessors-smart-1.2.jar;D:\dev\Maven_repo\org\ow2\asm\asm\5.0.4\asm-5.0.4.jar;D:\dev\Maven_repo\org\slf4j\slf4j-api\1.7.26\slf4j-api-1.7.26.jar;D:\dev\Maven_repo\junit\junit\4.12\junit-4.12.jar;D:\dev\Maven_repo\org\assertj\assertj-core\3.11.1\assertj-core-3.11.1.jar;D:\dev\Maven_repo\org\mockito\mockito-core\2.23.4\mockito-core-2.23.4.jar;D:\dev\Maven_repo\net\bytebuddy\byte-buddy\1.9.13\byte-buddy-1.9.13.jar;D:\dev\Maven_repo\net\bytebuddy\byte-buddy-agent\1.9.13\byte-buddy-agent-1.9.13.jar;D:\dev\Maven_repo\org\objenesis\objenesis\2.6\objenesis-2.6.jar;D:\dev\Maven_repo\org\hamcrest\hamcrest-core\1.3\hamcrest-core-1.3.jar;D:\dev\Maven_repo\org\hamcrest\hamcrest-library\1.3\hamcrest-library-1.3.jar;D:\dev\Maven_repo\org\skyscreamer\jsonassert\1.5.0\jsonassert-1.5.0.jar;D:\dev\Maven_repo\com\vaadin\external\google\android-json\0.0.20131108.vaadin1\android-json-0.0.20131108.vaadin1.jar;D:\dev\Maven_repo\org\springframework\spring-core\5.1.8.RELEASE\spring-core-5.1.8.RELEASE.jar;D:\dev\Maven_repo\org\springframework\spring-jcl\5.1.8.RELEASE\spring-jcl-5.1.8.RELEASE.jar;D:\dev\Maven_repo\org\springframework\spring-test\5.1.8.RELEASE\spring-test-5.1.8.RELEASE.jar;D:\dev\Maven_repo\org\xmlunit\xmlunit-core\2.6.2\xmlunit-core-2.6.2.jar;D:\dev\Maven_repo\com\github\fge\json-schema-validator\2.2.6\json-schema-validator-2.2.6.jar;D:\dev\Maven_repo\com\google\code\findbugs\jsr305\3.0.0\jsr305-3.0.0.jar;D:\dev\Maven_repo\joda-time\joda-time\2.10.2\joda-time-2.10.2.jar;D:\dev\Maven_repo\com\googlecode\libphonenumber\libphonenumber\6.2\libphonenumber-6.2.jar;D:\dev\Maven_repo\com\github\fge\json-schema-core\1.2.5\json-schema-core-1.2.5.jar;D:\dev\Maven_repo\com\github\fge\uri-template\0.9\uri-template-0.9.jar;D:\dev\Maven_repo\com\github\fge\msg-simple\1.1\msg-simple-1.1.jar;D:\dev\Maven_repo\com\github\fge\btf\1.2\btf-1.2.jar;D:\dev\Maven_repo\com\google\guava\guava\16.0.1\guava-16.0.1.jar;D:\dev\Maven_repo\com\github\fge\jackson-coreutils\1.8\jackson-coreutils-1.8.jar;D:\dev\Maven_repo\org\mozilla\rhino\1.7R4\rhino-1.7R4.jar;D:\dev\Maven_repo\javax\mail\mailapi\1.4.3\mailapi-1.4.3.jar;D:\dev\Maven_repo\javax\activation\activation\1.1\activation-1.1.jar;D:\dev\Maven_repo\net\sf\jopt-simple\jopt-simple\4.6\jopt-simple-4.6.jar;D:\dev\Maven_repo\org\springframework\boot\spring-boot-starter-data-jpa\2.1.6.RELEASE\spring-boot-starter-data-jpa-2.1.6.RELEASE.jar;D:\dev\Maven_repo\org\springframework\boot\spring-boot-starter-aop\2.1.6.RELEASE\spring-boot-starter-aop-2.1.6.RELEASE.jar;D:\dev\Maven_repo\org\aspectj\aspectjweaver\1.9.4\aspectjweaver-1.9.4.jar;D:\dev\Maven_repo\org\springframework\boot\spring-boot-starter-jdbc\2.1.6.RELEASE\spring-boot-starter-jdbc-2.1.6.RELEASE.jar;D:\dev\Maven_repo\com\zaxxer\HikariCP\3.2.0\HikariCP-3.2.0.jar;D:\dev\Maven_repo\org\springframework\spring-jdbc\5.1.8.RELEASE\spring-jdbc-5.1.8.RELEASE.jar;D:\dev\Maven_repo\javax\transaction\javax.transaction-api\1.3\javax.transaction-api-1.3.jar;D:\dev\Maven_repo\javax\xml\bind\jaxb-api\2.3.1\jaxb-api-2.3.1.jar;D:\dev\Maven_repo\javax\activation\javax.activation-api\1.2.0\javax.activation-api-1.2.0.jar;D:\dev\Maven_repo\org\hibernate\hibernate-core\5.3.10.Final\hibernate-core-5.3.10.Final.jar;D:\dev\Maven_repo\javax\persistence\javax.persistence-api\2.2\javax.persistence-api-2.2.jar;D:\dev\Maven_repo\antlr\antlr\2.7.7\antlr-2.7.7.jar;D:\dev\Maven_repo\org\jboss\jandex\2.0.5.Final\jandex-2.0.5.Final.jar;D:\dev\Maven_repo\org\dom4j\dom4j\2.1.1\dom4j-2.1.1.jar;D:\dev\Maven_repo\org\hibernate\common\hibernate-commons-annotations\5.0.4.Final\hibernate-commons-annotations-5.0.4.Final.jar;D:\dev\Maven_repo\org\springframework\data\spring-data-jpa\2.1.9.RELEASE\spring-data-jpa-2.1.9.RELEASE.jar;D:\dev\Maven_repo\org\springframework\data\spring-data-commons\2.1.9.RELEASE\spring-data-commons-2.1.9.RELEASE.jar;D:\dev\Maven_repo\org\springframework\spring-orm\5.1.8.RELEASE\spring-orm-5.1.8.RELEASE.jar;D:\dev\Maven_repo\org\springframework\spring-tx\5.1.8.RELEASE\spring-tx-5.1.8.RELEASE.jar;D:\dev\Maven_repo\org\springframework\spring-aspects\5.1.8.RELEASE\spring-aspects-5.1.8.RELEASE.jar;D:\dev\Maven_repo\com\opencsv\opencsv\4.5\opencsv-4.5.jar;D:\dev\Maven_repo\org\apache\commons\commons-lang3\3.8.1\commons-lang3-3.8.1.jar;D:\dev\Maven_repo\org\apache\commons\commons-text\1.3\commons-text-1.3.jar;D:\dev\Maven_repo\commons-beanutils\commons-beanutils\1.9.3\commons-beanutils-1.9.3.jar;D:\dev\Maven_repo\commons-logging\commons-logging\1.2\commons-logging-1.2.jar;D:\dev\Maven_repo\commons-collections\commons-collections\3.2.2\commons-collections-3.2.2.jar;D:\dev\Maven_repo\org\apache\commons\commons-collections4\4.2\commons-collections4-4.2.jar;D:\dev\Maven_repo\mysql\mysql-connector-java\8.0.16\mysql-connector-java-8.0.16.jar;D:\dev\Maven_repo\org\powermock\powermock-core\1.7.4\powermock-core-1.7.4.jar;D:\dev\Maven_repo\org\powermock\powermock-reflect\1.7.4\powermock-reflect-1.7.4.jar;D:\dev\Maven_repo\org\javassist\javassist\3.21.0-GA\javassist-3.21.0-GA.jar;D:\dev\Maven_repo\org\powermock\powermock-api-mockito2\1.7.0\powermock-api-mockito2-1.7.0.jar;D:\dev\Maven_repo\org\powermock\powermock-api-mockito-common\1.7.0\powermock-api-mockito-common-1.7.0.jar;D:\dev\Maven_repo\org\powermock\powermock-api-support\1.7.0\powermock-api-support-1.7.0.jar;D:\dev\Maven_repo\org\powermock\powermock-module-junit4\1.7.0\powermock-module-junit4-1.7.0.jar;D:\dev\Maven_repo\org\powermock\powermock-module-junit4-common\1.7.0\powermock-module-junit4-common-1.7.0.jar;D:\dev\Maven_repo\org\projectlombok\lombok\1.18.8\lombok-1.18.8.jar;"/>
    <property name="sun.cpu.endian" value="little"/>
    <property name="user.home" value="C:\Users\mi20085585"/>
    <property name="user.language" value="en"/>
    <property name="java.specification.vendor" value="Oracle Corporation"/>
    <property name="java.version.date" value="2019-04-16"/>
    <property name="java.home" value="C:\java\jdk-12.0.1"/>
    <property name="file.separator" value="\"/>
    <property name="style.color" value="always"/>
    <property name="basedir" value="D:\my_workspace\billingsearch-master"/>
    <property name="java.vm.compressedOopsMode" value="32-bit"/>
    <property name="line.separator" value="&#10;"/>
    <property name="java.vm.specification.vendor" value="Oracle Corporation"/>
    <property name="java.specification.name" value="Java Platform API Specification"/>
    <property name="java.awt.graphicsenv" value="sun.awt.Win32GraphicsEnvironment"/>
    <property name="surefire.real.class.path" value="C:\Users\mi20085585\AppData\Local\Temp\surefire34810197604255320\surefirebooter18421050879656526062.jar"/>
    <property name="user.script" value=""/>
    <property name="sun.management.compiler" value="HotSpot 64-Bit Tiered Compilers"/>
    <property name="java.runtime.version" value="12.0.1+12"/>
    <property name="user.name" value="MI20085585"/>
    <property name="path.separator" value=";"/>
    <property name="os.version" value="10.0"/>
    <property name="java.runtime.name" value="Java(TM) SE Runtime Environment"/>
    <property name="file.encoding" value="Cp1252"/>
    <property name="java.vm.name" value="Java HotSpot(TM) 64-Bit Server VM"/>
    <property name="localRepository" value="D:\dev\Maven_repo"/>
    <property name="java.vendor.url.bug" value="https://bugreport.java.com/bugreport/"/>
    <property name="java.io.tmpdir" value="C:\Users\mi20085585\AppData\Local\Temp\"/>
    <property name="java.version" value="12.0.1"/>
    <property name="user.dir" value="D:\my_workspace\billingsearch-master"/>
    <property name="os.arch" value="amd64"/>
    <property name="java.vm.specification.name" value="Java Virtual Machine Specification"/>
    <property name="sun.os.patch.level" value=""/>
    <property name="java.library.path" value="C:\java\jdk-12.0.1\bin;C:\Windows\Sun\Java\bin;C:\Windows\system32;C:\Windows;C:/java/jdk1.8.0_202/bin/../jre/bin/server;C:/java/jdk1.8.0_202/bin/../jre/bin;C:/java/jdk1.8.0_202/bin/../jre/lib/amd64;C:\Windows\system32;C:\Windows;C:\Windows\System32\Wbem;C:\Windows\System32\WindowsPowerShell\v1.0\;C:\Windows\System32\OpenSSH\;C:\Program Files (x86)\Webex\Webex\Applications;C:\java\jdk1.8.0_202\bin;C:\mysql-8.0.16-winx64\bin;C:\Program Files\Git\cmd;C:\Program Files\TortoiseGit\bin;C:\Users\mi20085585\AppData\Local\Microsoft\WindowsApps;D:\Softwares\apache-maven-3.6.1-bin\apache-maven-3.6.1\bin;C:\java\jdk1.8.0_202\bin;D:\Softwares\gradle\gradle-5.4.1\bin;D:\Softwares\node-v10.16.0-win-x64;C:\mysql-5.7.26-winx64\bin;;D:\Softwares\sts-4.2.2.RELEASE;;."/>
    <property name="java.vm.info" value="mixed mode, sharing"/>
    <property name="java.vendor" value="Oracle Corporation"/>
    <property name="java.vm.version" value="12.0.1+12"/>
    <property name="sun.io.unicode.encoding" value="UnicodeLittle"/>
    <property name="java.class.version" value="56.0"/>
  </properties>
  <testcase name="testBillingTransactionDetail" classname="com.mastercard.billingsearch.test.TestBillingSummaryController" time="0.185"/>
  <testcase name="testBillingSummaryDownload" classname="com.mastercard.billingsearch.test.TestBillingSummaryController" time="0.009"/>
</testsuite>